2022-05-07 00:20:00 INFO  ReqresRestAPI:19 - *********Started TC001_Get_All_Users **********
2022-05-07 00:20:03 INFO  ReqresRestAPI:82 - ***********  Checking Content Type **********
2022-05-07 00:20:03 INFO  ReqresRestAPI:85 - Content type is -->application/json; charset=utf-8
2022-05-07 00:20:03 INFO  ReqresRestAPI:54 - ***********  Checking Response Time **********
2022-05-07 00:20:03 INFO  ReqresRestAPI:57 - Response Time is -->1216
2022-05-07 00:20:03 INFO  ReqresRestAPI:32 - ***********  Checking Respose Body **********
2022-05-07 00:20:03 INFO  ReqresRestAPI:35 - Response Body-->{"page":2,"per_page":6,"total":12,"total_pages":2,"data":[{"id":7,"email":"michael.lawson@reqres.in","first_name":"Michael","last_name":"Lawson","avatar":"https://reqres.in/img/faces/7-image.jpg"},{"id":8,"email":"lindsay.ferguson@reqres.in","first_name":"Lindsay","last_name":"Ferguson","avatar":"https://reqres.in/img/faces/8-image.jpg"},{"id":9,"email":"tobias.funke@reqres.in","first_name":"Tobias","last_name":"Funke","avatar":"https://reqres.in/img/faces/9-image.jpg"},{"id":10,"email":"byron.fields@reqres.in","first_name":"Byron","last_name":"Fields","avatar":"https://reqres.in/img/faces/10-image.jpg"},{"id":11,"email":"george.edwards@reqres.in","first_name":"George","last_name":"Edwards","avatar":"https://reqres.in/img/faces/11-image.jpg"},{"id":12,"email":"rachel.howell@reqres.in","first_name":"Rachel","last_name":"Howell","avatar":"https://reqres.in/img/faces/12-image.jpg"}],"support":{"url":"https://reqres.in/#support-heading","text":"To keep ReqRes free, contributions towards server costs are appreciated!"}}
2022-05-07 00:20:03 INFO  ReqresRestAPI:43 - ***********  Checking Status Code **********
2022-05-07 00:20:03 INFO  ReqresRestAPI:46 - Status Code is -->200
2022-05-07 00:20:03 INFO  ReqresRestAPI:103 - ***********  Checking Content Encoding**********
2022-05-07 00:20:03 INFO  ReqresRestAPI:106 - Content Encoding is-->gzip
2022-05-07 00:20:03 INFO  ReqresRestAPI:92 - ***********  Checking Server Type **********
2022-05-07 00:20:03 INFO  ReqresRestAPI:95 - Server Type is -->cloudflare
2022-05-07 00:20:03 INFO  ReqresRestAPI:70 - ***********  Checking Status Line **********
2022-05-07 00:20:03 INFO  ReqresRestAPI:73 - Status Line is -->HTTP/1.1 200 OK
2022-05-07 00:20:03 INFO  ReqresRestAPI:115 - *********  Finished TC001_Get_All_Users **********
2022-05-07 00:33:02 INFO  ReqresRestAPI:18 - *********Started TC002_Get_Single_User_Record **********
2022-05-07 00:33:10 INFO  ReqresRestAPI:74 - *********  Finished TC002_Get_Single_User_Record **********
2022-05-07 00:53:19 INFO  ReqresRestAPI:25 - *********Started TC003_Post_User_Record **********
2022-05-07 00:53:27 INFO  ReqresRestAPI:104 - *********  Finished TC003_Post_User_Record **********
2022-05-07 00:54:55 INFO  ReqresRestAPI:25 - *********Started TC003_Post_User_Record **********
2022-05-07 00:55:03 INFO  ReqresRestAPI:98 - *********  Finished TC003_Post_User_Record **********
2022-05-07 01:06:06 INFO  ReqresRestAPI:26 - *********Started TC004_Put_User_Record **********
2022-05-07 01:06:14 INFO  ReqresRestAPI:99 - *********  Finished TC004_Put_User_Record **********
2022-05-07 01:06:49 INFO  ReqresRestAPI:26 - *********Started TC004_Put_User_Record **********
2022-05-07 01:06:57 INFO  ReqresRestAPI:99 - *********  Finished TC004_Put_User_Record **********
2022-05-07 01:09:54 INFO  ReqresRestAPI:26 - *********Started TC004_Put_User_Record **********
2022-05-07 01:10:02 INFO  ReqresRestAPI:99 - *********  Finished TC004_Put_User_Record **********
2022-05-07 01:36:51 INFO  ReqresRestAPI:19 - *********Started TC005_Delete_User_Record **********
2022-05-07 01:38:21 INFO  ReqresRestAPI:19 - *********Started TC005_Delete_User_Record **********
2022-05-07 01:38:29 INFO  ReqresRestAPI:69 - *********  Finished TC005_Delete_User_Record **********
2022-05-07 01:39:06 INFO  ReqresRestAPI:19 - *********Started TC005_Delete_User_Record **********
2022-05-07 01:39:14 INFO  ReqresRestAPI:69 - *********  Finished TC005_Delete_User_Record **********
2022-05-07 01:54:37 INFO  ReqresRestAPI:19 - *********Started TC001_Get_All_Users **********
2022-05-07 01:54:40 INFO  ReqresRestAPI:82 - ***********  Checking Content Type **********
2022-05-07 01:54:40 INFO  ReqresRestAPI:85 - Content type is -->application/json; charset=utf-8
2022-05-07 01:54:40 INFO  ReqresRestAPI:54 - ***********  Checking Response Time **********
2022-05-07 01:54:40 INFO  ReqresRestAPI:57 - Response Time is -->1165
2022-05-07 01:54:40 INFO  ReqresRestAPI:32 - ***********  Checking Respose Body **********
2022-05-07 01:54:40 INFO  ReqresRestAPI:35 - Response Body-->{"page":2,"per_page":6,"total":12,"total_pages":2,"data":[{"id":7,"email":"michael.lawson@reqres.in","first_name":"Michael","last_name":"Lawson","avatar":"https://reqres.in/img/faces/7-image.jpg"},{"id":8,"email":"lindsay.ferguson@reqres.in","first_name":"Lindsay","last_name":"Ferguson","avatar":"https://reqres.in/img/faces/8-image.jpg"},{"id":9,"email":"tobias.funke@reqres.in","first_name":"Tobias","last_name":"Funke","avatar":"https://reqres.in/img/faces/9-image.jpg"},{"id":10,"email":"byron.fields@reqres.in","first_name":"Byron","last_name":"Fields","avatar":"https://reqres.in/img/faces/10-image.jpg"},{"id":11,"email":"george.edwards@reqres.in","first_name":"George","last_name":"Edwards","avatar":"https://reqres.in/img/faces/11-image.jpg"},{"id":12,"email":"rachel.howell@reqres.in","first_name":"Rachel","last_name":"Howell","avatar":"https://reqres.in/img/faces/12-image.jpg"}],"support":{"url":"https://reqres.in/#support-heading","text":"To keep ReqRes free, contributions towards server costs are appreciated!"}}
2022-05-07 01:54:40 INFO  ReqresRestAPI:43 - ***********  Checking Status Code **********
2022-05-07 01:54:40 INFO  ReqresRestAPI:46 - Status Code is -->200
2022-05-07 01:54:40 INFO  ReqresRestAPI:103 - ***********  Checking Content Encoding**********
2022-05-07 01:54:40 INFO  ReqresRestAPI:106 - Content Encoding is-->gzip
2022-05-07 01:54:40 INFO  ReqresRestAPI:92 - ***********  Checking Server Type **********
2022-05-07 01:54:40 INFO  ReqresRestAPI:95 - Server Type is -->cloudflare
2022-05-07 01:54:40 INFO  ReqresRestAPI:70 - ***********  Checking Status Line **********
2022-05-07 01:54:40 INFO  ReqresRestAPI:73 - Status Line is -->HTTP/1.1 200 OK
2022-05-07 01:54:40 INFO  ReqresRestAPI:115 - *********  Finished TC001_Get_All_Users **********
2022-05-07 01:54:40 INFO  ReqresRestAPI:18 - *********Started TC002_Get_Single_User_Record **********
2022-05-07 01:54:45 INFO  ReqresRestAPI:74 - *********  Finished TC002_Get_Single_User_Record **********
2022-05-07 01:54:45 INFO  ReqresRestAPI:25 - *********Started TC003_Post_User_Record **********
2022-05-07 01:54:51 INFO  ReqresRestAPI:98 - *********  Finished TC003_Post_User_Record **********
2022-05-07 01:54:51 INFO  ReqresRestAPI:26 - *********Started TC004_Put_User_Record **********
2022-05-07 01:54:56 INFO  ReqresRestAPI:99 - *********  Finished TC004_Put_User_Record **********
2022-05-07 01:54:56 INFO  ReqresRestAPI:19 - *********Started TC005_Delete_User_Record **********
2022-05-07 01:55:01 INFO  ReqresRestAPI:69 - *********  Finished TC005_Delete_User_Record **********
2022-05-07 09:46:10 INFO  ReqresRestAPI:19 - *********Started TC001_Get_All_Users **********
2022-05-07 09:46:13 INFO  ReqresRestAPI:82 - ***********  Checking Content Type **********
2022-05-07 09:46:13 INFO  ReqresRestAPI:85 - Content type is -->application/json; charset=utf-8
2022-05-07 09:46:13 INFO  ReqresRestAPI:32 - ***********  Checking Response Body **********
2022-05-07 09:46:13 INFO  ReqresRestAPI:35 - Response Body-->{"page":2,"per_page":6,"total":12,"total_pages":2,"data":[{"id":7,"email":"michael.lawson@reqres.in","first_name":"Michael","last_name":"Lawson","avatar":"https://reqres.in/img/faces/7-image.jpg"},{"id":8,"email":"lindsay.ferguson@reqres.in","first_name":"Lindsay","last_name":"Ferguson","avatar":"https://reqres.in/img/faces/8-image.jpg"},{"id":9,"email":"tobias.funke@reqres.in","first_name":"Tobias","last_name":"Funke","avatar":"https://reqres.in/img/faces/9-image.jpg"},{"id":10,"email":"byron.fields@reqres.in","first_name":"Byron","last_name":"Fields","avatar":"https://reqres.in/img/faces/10-image.jpg"},{"id":11,"email":"george.edwards@reqres.in","first_name":"George","last_name":"Edwards","avatar":"https://reqres.in/img/faces/11-image.jpg"},{"id":12,"email":"rachel.howell@reqres.in","first_name":"Rachel","last_name":"Howell","avatar":"https://reqres.in/img/faces/12-image.jpg"}],"support":{"url":"https://reqres.in/#support-heading","text":"To keep ReqRes free, contributions towards server costs are appreciated!"}}
2022-05-07 09:46:13 INFO  ReqresRestAPI:54 - ***********  Checking Response Time **********
2022-05-07 09:46:13 INFO  ReqresRestAPI:57 - Response Time is -->1254
2022-05-07 09:46:13 INFO  ReqresRestAPI:43 - ***********  Checking Status Code **********
2022-05-07 09:46:13 INFO  ReqresRestAPI:46 - Status Code is -->200
2022-05-07 09:46:13 INFO  ReqresRestAPI:103 - ***********  Checking Content Encoding**********
2022-05-07 09:46:13 INFO  ReqresRestAPI:106 - Content Encoding is-->gzip
2022-05-07 09:46:13 INFO  ReqresRestAPI:92 - ***********  Checking Server Type **********
2022-05-07 09:46:13 INFO  ReqresRestAPI:95 - Server Type is -->cloudflare
2022-05-07 09:46:13 INFO  ReqresRestAPI:70 - ***********  Checking Status Line **********
2022-05-07 09:46:13 INFO  ReqresRestAPI:73 - Status Line is -->HTTP/1.1 200 OK
2022-05-07 09:46:13 INFO  ReqresRestAPI:115 - *********  Finished TC001_Get_All_Users **********
2022-05-07 09:46:13 INFO  ReqresRestAPI:18 - *********Started TC002_Get_Single_User_Record **********
2022-05-07 09:46:19 INFO  ReqresRestAPI:74 - *********  Finished TC002_Get_Single_User_Record **********
2022-05-07 09:46:19 INFO  ReqresRestAPI:25 - *********Started TC003_Post_User_Record **********
2022-05-07 09:46:24 INFO  ReqresRestAPI:98 - *********  Finished TC003_Post_User_Record **********
2022-05-07 09:46:24 INFO  ReqresRestAPI:26 - *********Started TC004_Put_User_Record **********
2022-05-07 09:46:30 INFO  ReqresRestAPI:99 - *********  Finished TC004_Put_User_Record **********
2022-05-07 09:46:30 INFO  ReqresRestAPI:19 - *********Started TC005_Delete_User_Record **********
2022-05-07 09:46:35 INFO  ReqresRestAPI:69 - *********  Finished TC005_Delete_User_Record **********
2022-05-07 09:51:35 INFO  ReqresRestAPI:19 - *********Started TC001_Get_All_Users **********
2022-05-07 09:51:38 INFO  ReqresRestAPI:82 - ***********  Checking Content Type **********
2022-05-07 09:51:38 INFO  ReqresRestAPI:85 - Content type is -->application/json; charset=utf-8
2022-05-07 09:51:39 INFO  ReqresRestAPI:32 - ***********  Checking Response Body **********
2022-05-07 09:51:39 INFO  ReqresRestAPI:35 - Response Body-->{"page":2,"per_page":6,"total":12,"total_pages":2,"data":[{"id":7,"email":"michael.lawson@reqres.in","first_name":"Michael","last_name":"Lawson","avatar":"https://reqres.in/img/faces/7-image.jpg"},{"id":8,"email":"lindsay.ferguson@reqres.in","first_name":"Lindsay","last_name":"Ferguson","avatar":"https://reqres.in/img/faces/8-image.jpg"},{"id":9,"email":"tobias.funke@reqres.in","first_name":"Tobias","last_name":"Funke","avatar":"https://reqres.in/img/faces/9-image.jpg"},{"id":10,"email":"byron.fields@reqres.in","first_name":"Byron","last_name":"Fields","avatar":"https://reqres.in/img/faces/10-image.jpg"},{"id":11,"email":"george.edwards@reqres.in","first_name":"George","last_name":"Edwards","avatar":"https://reqres.in/img/faces/11-image.jpg"},{"id":12,"email":"rachel.howell@reqres.in","first_name":"Rachel","last_name":"Howell","avatar":"https://reqres.in/img/faces/12-image.jpg"}],"support":{"url":"https://reqres.in/#support-heading","text":"To keep ReqRes free, contributions towards server costs are appreciated!"}}
2022-05-07 09:51:39 INFO  ReqresRestAPI:54 - ***********  Checking Response Time **********
2022-05-07 09:51:39 INFO  ReqresRestAPI:57 - Response Time is -->1568
2022-05-07 09:51:39 INFO  ReqresRestAPI:43 - ***********  Checking Status Code **********
2022-05-07 09:51:39 INFO  ReqresRestAPI:46 - Status Code is -->200
2022-05-07 09:51:39 INFO  ReqresRestAPI:103 - ***********  Checking Content Encoding**********
2022-05-07 09:51:39 INFO  ReqresRestAPI:106 - Content Encoding is-->gzip
2022-05-07 09:51:39 INFO  ReqresRestAPI:92 - ***********  Checking Server Type **********
2022-05-07 09:51:39 INFO  ReqresRestAPI:95 - Server Type is -->cloudflare
2022-05-07 09:51:39 INFO  ReqresRestAPI:70 - ***********  Checking Status Line **********
2022-05-07 09:51:39 INFO  ReqresRestAPI:73 - Status Line is -->HTTP/1.1 200 OK
2022-05-07 09:51:39 INFO  ReqresRestAPI:115 - *********  Finished TC001_Get_All_Users **********
2022-05-07 09:51:39 INFO  ReqresRestAPI:18 - *********Started TC002_Get_Single_User_Record **********
2022-05-07 09:51:44 INFO  ReqresRestAPI:74 - *********  Finished TC002_Get_Single_User_Record **********
2022-05-07 09:51:44 INFO  ReqresRestAPI:25 - *********Started TC003_Post_User_Record **********
2022-05-07 09:51:50 INFO  ReqresRestAPI:98 - *********  Finished TC003_Post_User_Record **********
2022-05-07 09:51:50 INFO  ReqresRestAPI:26 - *********Started TC004_Put_User_Record **********
2022-05-07 09:51:55 INFO  ReqresRestAPI:99 - *********  Finished TC004_Put_User_Record **********
2022-05-07 09:51:55 INFO  ReqresRestAPI:19 - *********Started TC005_Delete_User_Record **********
2022-05-07 09:52:00 INFO  ReqresRestAPI:69 - *********  Finished TC005_Delete_User_Record **********
2022-05-07 09:54:47 INFO  ReqresRestAPI:19 - *********Started TC001_Get_All_Users **********
2022-05-07 09:54:51 INFO  ReqresRestAPI:82 - ***********  Checking Content Type **********
2022-05-07 09:54:51 INFO  ReqresRestAPI:85 - Content type is -->application/json; charset=utf-8
2022-05-07 09:54:51 INFO  ReqresRestAPI:32 - ***********  Checking Response Body **********
2022-05-07 09:54:51 INFO  ReqresRestAPI:35 - Response Body-->{"page":2,"per_page":6,"total":12,"total_pages":2,"data":[{"id":7,"email":"michael.lawson@reqres.in","first_name":"Michael","last_name":"Lawson","avatar":"https://reqres.in/img/faces/7-image.jpg"},{"id":8,"email":"lindsay.ferguson@reqres.in","first_name":"Lindsay","last_name":"Ferguson","avatar":"https://reqres.in/img/faces/8-image.jpg"},{"id":9,"email":"tobias.funke@reqres.in","first_name":"Tobias","last_name":"Funke","avatar":"https://reqres.in/img/faces/9-image.jpg"},{"id":10,"email":"byron.fields@reqres.in","first_name":"Byron","last_name":"Fields","avatar":"https://reqres.in/img/faces/10-image.jpg"},{"id":11,"email":"george.edwards@reqres.in","first_name":"George","last_name":"Edwards","avatar":"https://reqres.in/img/faces/11-image.jpg"},{"id":12,"email":"rachel.howell@reqres.in","first_name":"Rachel","last_name":"Howell","avatar":"https://reqres.in/img/faces/12-image.jpg"}],"support":{"url":"https://reqres.in/#support-heading","text":"To keep ReqRes free, contributions towards server costs are appreciated!"}}
2022-05-07 09:54:51 INFO  ReqresRestAPI:54 - ***********  Checking Response Time **********
2022-05-07 09:54:51 INFO  ReqresRestAPI:57 - Response Time is -->1467
2022-05-07 09:54:51 INFO  ReqresRestAPI:43 - ***********  Checking Status Code **********
2022-05-07 09:54:51 INFO  ReqresRestAPI:46 - Status Code is -->200
2022-05-07 09:54:51 INFO  ReqresRestAPI:103 - ***********  Checking Content Encoding**********
2022-05-07 09:54:51 INFO  ReqresRestAPI:106 - Content Encoding is-->gzip
2022-05-07 09:54:51 INFO  ReqresRestAPI:92 - ***********  Checking Server Type **********
2022-05-07 09:54:51 INFO  ReqresRestAPI:95 - Server Type is -->cloudflare
2022-05-07 09:54:51 INFO  ReqresRestAPI:70 - ***********  Checking Status Line **********
2022-05-07 09:54:51 INFO  ReqresRestAPI:73 - Status Line is -->HTTP/1.1 200 OK
2022-05-07 09:54:51 INFO  ReqresRestAPI:115 - *********  Finished TC001_Get_All_Users **********
2022-05-07 09:54:51 INFO  ReqresRestAPI:18 - *********Started TC002_Get_Single_User_Record **********
2022-05-07 09:54:56 INFO  ReqresRestAPI:74 - *********  Finished TC002_Get_Single_User_Record **********
2022-05-07 09:54:56 INFO  ReqresRestAPI:25 - *********Started TC003_Post_User_Record **********
2022-05-07 09:55:02 INFO  ReqresRestAPI:98 - *********  Finished TC003_Post_User_Record **********
2022-05-07 09:55:02 INFO  ReqresRestAPI:26 - *********Started TC004_Put_User_Record **********
2022-05-07 09:55:07 INFO  ReqresRestAPI:99 - *********  Finished TC004_Put_User_Record **********
2022-05-07 09:55:07 INFO  ReqresRestAPI:19 - *********Started TC005_Delete_User_Record **********
2022-05-07 09:55:12 INFO  ReqresRestAPI:69 - *********  Finished TC005_Delete_User_Record **********
2022-05-07 10:01:47 INFO  ReqresRestAPI:19 - *********Started TC001_Get_All_Users **********
2022-05-07 10:01:51 INFO  ReqresRestAPI:82 - ***********  Checking Content Type **********
2022-05-07 10:01:51 INFO  ReqresRestAPI:85 - Content type is -->application/json; charset=utf-8
2022-05-07 10:01:51 INFO  ReqresRestAPI:32 - ***********  Checking Response Body **********
2022-05-07 10:01:51 INFO  ReqresRestAPI:35 - Response Body-->{"page":2,"per_page":6,"total":12,"total_pages":2,"data":[{"id":7,"email":"michael.lawson@reqres.in","first_name":"Michael","last_name":"Lawson","avatar":"https://reqres.in/img/faces/7-image.jpg"},{"id":8,"email":"lindsay.ferguson@reqres.in","first_name":"Lindsay","last_name":"Ferguson","avatar":"https://reqres.in/img/faces/8-image.jpg"},{"id":9,"email":"tobias.funke@reqres.in","first_name":"Tobias","last_name":"Funke","avatar":"https://reqres.in/img/faces/9-image.jpg"},{"id":10,"email":"byron.fields@reqres.in","first_name":"Byron","last_name":"Fields","avatar":"https://reqres.in/img/faces/10-image.jpg"},{"id":11,"email":"george.edwards@reqres.in","first_name":"George","last_name":"Edwards","avatar":"https://reqres.in/img/faces/11-image.jpg"},{"id":12,"email":"rachel.howell@reqres.in","first_name":"Rachel","last_name":"Howell","avatar":"https://reqres.in/img/faces/12-image.jpg"}],"support":{"url":"https://reqres.in/#support-heading","text":"To keep ReqRes free, contributions towards server costs are appreciated!"}}
2022-05-07 10:01:51 INFO  ReqresRestAPI:54 - ***********  Checking Response Time **********
2022-05-07 10:01:51 INFO  ReqresRestAPI:57 - Response Time is -->1689
2022-05-07 10:01:51 INFO  ReqresRestAPI:43 - ***********  Checking Status Code **********
2022-05-07 10:01:51 INFO  ReqresRestAPI:46 - Status Code is -->200
2022-05-07 10:01:51 INFO  ReqresRestAPI:103 - ***********  Checking Content Encoding**********
2022-05-07 10:01:51 INFO  ReqresRestAPI:106 - Content Encoding is-->gzip
2022-05-07 10:01:51 INFO  ReqresRestAPI:92 - ***********  Checking Server Type **********
2022-05-07 10:01:51 INFO  ReqresRestAPI:95 - Server Type is -->cloudflare
2022-05-07 10:01:51 INFO  ReqresRestAPI:70 - ***********  Checking Status Line **********
2022-05-07 10:01:51 INFO  ReqresRestAPI:73 - Status Line is -->HTTP/1.1 200 OK
2022-05-07 10:01:51 INFO  ReqresRestAPI:115 - *********  Finished TC001_Get_All_Users **********
2022-05-07 10:01:51 INFO  ReqresRestAPI:18 - *********Started TC002_Get_Single_User_Record **********
2022-05-07 10:01:56 INFO  ReqresRestAPI:74 - *********  Finished TC002_Get_Single_User_Record **********
2022-05-07 10:01:56 INFO  ReqresRestAPI:25 - *********Started TC003_Post_User_Record **********
2022-05-07 10:02:02 INFO  ReqresRestAPI:98 - *********  Finished TC003_Post_User_Record **********
2022-05-07 10:02:02 INFO  ReqresRestAPI:26 - *********Started TC004_Put_User_Record **********
2022-05-07 10:02:08 INFO  ReqresRestAPI:99 - *********  Finished TC004_Put_User_Record **********
2022-05-07 10:02:08 INFO  ReqresRestAPI:19 - *********Started TC005_Delete_User_Record **********
2022-05-07 10:02:13 INFO  ReqresRestAPI:69 - *********  Finished TC005_Delete_User_Record **********
